Sep 09, 2025 3:24:33 PM GenomicServer start
INFO: Genomic Server started on port 8443
Sep 09, 2025 3:24:33 PM GenomicServer start
INFO: Disease database loaded successfully
Sep 09, 2025 3:25:12 PM GenomicServer start
INFO: New client connected: /127.0.0.1:62540
Sep 09, 2025 3:29:32 PM GenomicServer start
INFO: Genomic Server started on port 8443
Sep 09, 2025 3:29:32 PM GenomicServer start
INFO: Disease database loaded successfully
Sep 09, 2025 3:29:40 PM GenomicServer start
INFO: New client connected: /127.0.0.1:65009
Sep 09, 2025 3:35:58 PM GenomicServer main
SEVERE: Failed to start server: ..\certs\server.jks (The system cannot find the path specified)
Sep 09, 2025 3:37:12 PM GenomicServer main
SEVERE: Failed to start server: ..\certs\server.jks (The system cannot find the path specified)
Sep 09, 2025 7:56:24 PM GenomicServer start
INFO: Genomic Server started on port 8443
Sep 09, 2025 7:56:24 PM GenomicServer start
INFO: Disease database loaded successfully
Sep 09, 2025 8:32:04 PM GenomicServer start
INFO: Genomic Server started on port 8443
Sep 09, 2025 8:32:04 PM GenomicServer start
INFO: Disease database loaded successfully
Sep 09, 2025 8:47:32 PM GenomicServer start
INFO: New client connected: /127.0.0.1:64370
Sep 09, 2025 9:06:40 PM GenomicServer start
INFO: Genomic Server started on port 8443
Sep 09, 2025 9:06:40 PM GenomicServer start
INFO: Disease database loaded successfully
Sep 09, 2025 9:06:52 PM GenomicServer start
INFO: New client connected: /127.0.0.1:49396
Sep 09, 2025 10:04:54 PM GenomicServer start
INFO: Genomic Server started on port 8443
Sep 09, 2025 10:04:54 PM GenomicServer start
INFO: Disease database loaded successfully
Sep 09, 2025 10:07:05 PM GenomicServer start
INFO: New client connected: /127.0.0.1:50630
Sep 09, 2025 10:18:36 PM GenomicServer start
INFO: Genomic Server started on port 8443
Sep 09, 2025 10:18:36 PM GenomicServer start
INFO: Disease database loaded successfully
Sep 09, 2025 10:18:42 PM GenomicServer start
INFO: New client connected: /127.0.0.1:51615
Sep 09, 2025 10:35:07 PM GenomicServer start
INFO: Genomic Server started on port 8443
Sep 09, 2025 10:35:07 PM GenomicServer start
INFO: Disease database loaded successfully
Sep 09, 2025 10:35:21 PM GenomicServer start
INFO: New client connected: /127.0.0.1:52915
Sep 09, 2025 11:01:48 PM GenomicServer start
INFO: Genomic Server started on port 8443
Sep 09, 2025 11:01:48 PM GenomicServer start
INFO: Disease database loaded successfully
Sep 09, 2025 11:06:09 PM GenomicServer start
INFO: New client connected: /127.0.0.1:55208
Sep 10, 2025 4:36:43 PM GenomicServer start
INFO: Servidor Genómico iniciado en puerto 8443
Sep 10, 2025 4:36:43 PM GenomicServer start
INFO: Base de datos de enfermedades cargada exitosamente
Sep 10, 2025 4:36:53 PM GenomicServer start
INFO: Nuevo cliente conectado: /127.0.0.1:55385
Sep 10, 2025 5:01:07 PM GenomicServer start
INFO: Nuevo cliente conectado: /127.0.0.1:61010
