Sep 09, 2025 8:47:32 PM GenomicClient connect
INFO: Connected to Genomic Server
Sep 09, 2025 9:06:22 PM GenomicClient disconnect
INFO: Disconnected from server
Sep 09, 2025 9:06:52 PM GenomicClient connect
INFO: Connected to Genomic Server
Sep 09, 2025 9:30:18 PM GenomicClient disconnect
INFO: Disconnected from server
Sep 09, 2025 9:30:18 PM GenomicClient disconnect
INFO: Disconnected from server
Sep 09, 2025 10:07:05 PM GenomicClient connect
INFO: Connected to Genomic Server
Sep 09, 2025 10:08:24 PM GenomicClient createPatient
INFO: Patient created: P000004
Sep 09, 2025 10:09:14 PM GenomicClient getPatient
INFO: Patient data retrieved: P000004
Sep 09, 2025 10:09:31 PM GenomicClient getPatient
INFO: Patient data retrieved: P000003
Sep 09, 2025 10:14:19 PM GenomicClient startInteractiveSession
SEVERE: Session error: No line found
Sep 09, 2025 10:14:19 PM GenomicClient startInteractiveSession
SEVERE: Session error: No line found
Sep 09, 2025 10:14:19 PM GenomicClient startInteractiveSession
SEVERE: Session error: No line found
Sep 09, 2025 10:18:42 PM GenomicClient connect
INFO: Connected to Genomic Server
Sep 09, 2025 10:18:53 PM GenomicClient getPatient
INFO: Patient data retrieved: P000004
Sep 09, 2025 10:19:57 PM GenomicClient updatePatient
INFO: Patient updated: P000004
Sep 09, 2025 10:34:59 PM GenomicClient startInteractiveSession
SEVERE: Session error: No line found
Sep 09, 2025 10:35:21 PM GenomicClient connect
INFO: Connected to Genomic Server
Sep 09, 2025 10:35:43 PM GenomicClient getPatient
INFO: Patient data retrieved: P000001
Sep 09, 2025 10:57:50 PM GenomicClient startInteractiveSession
SEVERE: Session error: No line found
Sep 09, 2025 10:57:50 PM GenomicClient startInteractiveSession
SEVERE: Session error: No line found
Sep 09, 2025 11:06:09 PM GenomicClient connect
INFO: Connected to Genomic Server
Sep 09, 2025 11:06:51 PM GenomicClient createPatient
INFO: Patient created: P000005
Sep 09, 2025 11:09:04 PM GenomicClient submitFasta
INFO: FASTA submitted for patient: P000005
Sep 09, 2025 11:15:19 PM GenomicClient startInteractiveSession
SEVERE: Session error: No line found
Sep 10, 2025 4:34:26 PM GenomicClient connect
SEVERE: Conexión falló: Connection refused: connect
Sep 10, 2025 4:34:26 PM GenomicClient disconnect
INFO: Desconectado del servidor
Sep 10, 2025 4:34:26 PM GenomicClient disconnect
INFO: Desconectado del servidor
Sep 10, 2025 4:35:30 PM GenomicClient connect
SEVERE: Conexión falló: Connection refused: connect
Sep 10, 2025 4:35:30 PM GenomicClient disconnect
INFO: Desconectado del servidor
Sep 10, 2025 4:35:30 PM GenomicClient disconnect
INFO: Desconectado del servidor
Sep 10, 2025 4:36:54 PM GenomicClient connect
INFO: Conectado al Servidor Genómico
Sep 10, 2025 4:37:42 PM GenomicClient disconnect
INFO: Desconectado del servidor
Sep 10, 2025 4:37:42 PM GenomicClient disconnect
INFO: Desconectado del servidor
Sep 10, 2025 5:01:07 PM GenomicClient connect
INFO: Conectado al Servidor Genómico
Sep 10, 2025 5:01:26 PM GenomicClient startInteractiveSession
SEVERE: Error de sesión: No se encontró línea
Sep 10, 2025 5:01:30 PM GenomicClient connect
SEVERE: Conexión falló: Connection refused: connect
Sep 10, 2025 5:01:30 PM GenomicClient disconnect
INFO: Desconectado del servidor
Sep 10, 2025 5:01:30 PM GenomicClient disconnect
INFO: Desconectado del servidor
Sep 10, 2025 5:01:37 PM GenomicClient connect
SEVERE: Conexión falló: Connection refused: connect
Sep 10, 2025 5:01:37 PM GenomicClient disconnect
INFO: Desconectado del servidor
Sep 10, 2025 5:01:37 PM GenomicClient disconnect
INFO: Desconectado del servidor
Sep 10, 2025 5:03:55 PM GenomicClient connect
SEVERE: Conexión falló: Connection refused: connect
Sep 10, 2025 5:03:55 PM GenomicClient disconnect
INFO: Desconectado del servidor
Sep 10, 2025 5:03:55 PM GenomicClient disconnect
INFO: Desconectado del servidor
Sep 10, 2025 5:06:09 PM GenomicClient connect
SEVERE: Conexión falló: Connection refused: connect
Sep 10, 2025 5:06:09 PM GenomicClient disconnect
INFO: Desconectado del servidor
Sep 10, 2025 5:08:08 PM GenomicClient connect
SEVERE: Conexión falló: Connection refused: connect
Sep 10, 2025 5:08:08 PM GenomicClient disconnect
INFO: Desconectado del servidor
Sep 10, 2025 5:08:08 PM GenomicClient disconnect
INFO: Desconectado del servidor
Sep 10, 2025 5:18:28 PM GenomicClient connect
SEVERE: Conexión falló: Connection refused: connect
Sep 10, 2025 5:18:28 PM GenomicClient disconnect
INFO: Desconectado del servidor
Sep 10, 2025 5:18:28 PM GenomicClient disconnect
INFO: Desconectado del servidor
